  laba15.cpp
C:\Users\defen\test\labaKoval15\laba15\laba15\laba15.cpp(15,10): warning C4067: unexpected tokens following preprocessor directive - expected a newline
C:\Users\defen\test\labaKoval15\laba15\laba15\laba15.cpp(16,10): warning C4067: unexpected tokens following preprocessor directive - expected a newline
C:\Users\defen\test\labaKoval15\laba15\laba15\laba15.cpp(17,10): warning C4067: unexpected tokens following preprocessor directive - expected a newline
C:\Users\defen\test\labaKoval15\laba15\laba15\laba15.cpp(18,10): warning C4067: unexpected tokens following preprocessor directive - expected a newline
C:\Users\defen\test\labaKoval15\laba15\laba15\laba15.cpp(53,9): warning C4305: 'initializing': truncation from 'double' to 'float'
C:\Users\defen\test\labaKoval15\laba15\laba15\laba15.cpp(72,12): warning C4244: 'argument': conversion from 'time_t' to 'unsigned int', possible loss of data
C:\Users\defen\test\labaKoval15\laba15\laba15\laba15.cpp(94,8): warning C4244: 'initializing': conversion from '__int64' to 'int', possible loss of data
C:\Users\defen\test\labaKoval15\laba15\laba15\laba15.cpp(95,8): warning C4244: 'initializing': conversion from '__int64' to 'int', possible loss of data
C:\Users\defen\test\labaKoval15\laba15\laba15\laba15.cpp(96,8): warning C4244: 'initializing': conversion from '__int64' to 'int', possible loss of data
C:\Users\defen\test\labaKoval15\laba15\laba15\laba15.cpp(97,9): warning C4244: 'initializing': conversion from '__int64' to 'int', possible loss of data
C:\Users\defen\test\labaKoval15\laba15\laba15\laba15.cpp(100,16): warning C4244: '=': conversion from '__int64' to 'int', possible loss of data
C:\Users\defen\test\labaKoval15\laba15\laba15\laba15.cpp(101,16): warning C4244: '=': conversion from '__int64' to 'int', possible loss of data
C:\Users\defen\test\labaKoval15\laba15\laba15\laba15.cpp(102,16): warning C4244: '=': conversion from '__int64' to 'int', possible loss of data
C:\Users\defen\test\labaKoval15\laba15\laba15\laba15.cpp(103,17): warning C4244: '=': conversion from '__int64' to 'int', possible loss of data
C:\Users\defen\test\labaKoval15\laba15\laba15\laba15.cpp(109,11): warning C4244: 'initializing': conversion from 'int' to 'float', possible loss of data
C:\Users\defen\test\labaKoval15\laba15\laba15\laba15.cpp(110,19): warning C4244: 'return': conversion from 'float' to 'int', possible loss of data
C:\Users\defen\test\labaKoval15\laba15\laba15\laba15.cpp(115,8): warning C4244: '+=': conversion from 'float' to '__int64', possible loss of data
C:\Users\defen\test\labaKoval15\laba15\laba15\laba15.cpp(126,26): warning C4267: 'return': conversion from 'size_t' to 'int', possible loss of data
C:\Users\defen\test\labaKoval15\laba15\laba15\laba15.cpp(133,98): warning C4244: 'argument': conversion from '__int64' to 'int', possible loss of data
C:\Users\defen\test\labaKoval15\laba15\laba15\laba15.cpp(133,110): warning C4244: 'argument': conversion from '__int64' to 'int', possible loss of data
C:\Users\defen\test\labaKoval15\laba15\laba15\laba15.cpp(133,28): warning C4838: conversion from 'unsigned __int64' to 'int' requires a narrowing conversion
C:\Users\defen\test\labaKoval15\laba15\laba15\laba15.cpp(133,28): warning C4267: 'initializing': conversion from 'size_t' to 'int', possible loss of data
  Generating code
  3 of 112 functions ( 2.7%) were compiled, the rest were copied from previous compilation.
    0 functions were new in current compilation
    1 functions had inline decision re-evaluated but remain unchanged
  Finished generating code
  laba15.vcxproj -> C:\Users\defen\test\labaKoval15\laba15\x64\Release\laba15.exe
